<?xml version="1.0" encoding="UTF-8"?>
<testsuite name="com.student.newsportalspringboot.controllers.AdminControllerTest" time="0.199" tests="15" errors="0" skipped="0" failures="0">
  <properties>
    <property name="java.runtime.name" value="Java(TM) SE Runtime Environment"/>
    <property name="sun.boot.library.path" value="/home/student/jdk1.8.0_121/jre/lib/amd64"/>
    <property name="java.vm.version" value="25.121-b13"/>
    <property name="java.vm.vendor" value="Oracle Corporation"/>
    <property name="java.vendor.url" value="http://java.oracle.com/"/>
    <property name="path.separator" value=":"/>
    <property name="guice.disable.misplaced.annotation.check" value="true"/>
    <property name="java.vm.name" value="Java HotSpot(TM) 64-Bit Server VM"/>
    <property name="file.encoding.pkg" value="sun.io"/>
    <property name="user.country" value="RU"/>
    <property name="sun.java.launcher" value="SUN_STANDARD"/>
    <property name="sun.os.patch.level" value="unknown"/>
    <property name="test" value="com.student.newsportalspringboot.controllers.AdminControllerTest"/>
    <property name="java.vm.specification.name" value="Java Virtual Machine Specification"/>
    <property name="user.dir" value="/home/student/NewsPortalSpringBoot"/>
    <property name="java.runtime.version" value="1.8.0_121-b13"/>
    <property name="java.awt.graphicsenv" value="sun.awt.X11GraphicsEnvironment"/>
    <property name="java.endorsed.dirs" value="/home/student/jdk1.8.0_121/jre/lib/endorsed"/>
    <property name="os.arch" value="amd64"/>
    <property name="java.io.tmpdir" value="/tmp"/>
    <property name="line.separator" value="&#10;"/>
    <property name="java.vm.specification.vendor" value="Oracle Corporation"/>
    <property name="os.name" value="Linux"/>
    <property name="maven.ext.class.path" value="/home/student/netbeans-8.2/java/maven-nblib/netbeans-eventspy.jar"/>
    <property name="classworlds.conf" value="/home/student/netbeans-8.2/java/maven/bin/m2.conf"/>
    <property name="sun.jnu.encoding" value="UTF-8"/>
    <property name="java.library.path" value="/home/student/jdk1.8.0_121/jre/lib/amd64:/home/student/jdk1.8.0_121/jre/lib/i386::/usr/java/packages/lib/amd64:/usr/lib64:/lib64:/lib:/usr/lib"/>
    <property name="java.specification.name" value="Java Platform API Specification"/>
    <property name="java.class.version" value="52.0"/>
    <property name="sun.management.compiler" value="HotSpot 64-Bit Tiered Compilers"/>
    <property name="os.version" value="4.4.0-72-generic"/>
    <property name="user.home" value="/home/student"/>
    <property name="user.timezone" value="Asia/Yekaterinburg"/>
    <property name="java.awt.printerjob" value="sun.print.PSPrinterJob"/>
    <property name="java.specification.version" value="1.8"/>
    <property name="file.encoding" value="UTF-8"/>
    <property name="user.name" value="student"/>
    <property name="java.class.path" value="/home/student/netbeans-8.2/java/maven/boot/plexus-classworlds-2.4.jar"/>
    <property name="java.vm.specification.version" value="1.8"/>
    <property name="sun.arch.data.model" value="64"/>
    <property name="java.home" value="/home/student/jdk1.8.0_121/jre"/>
    <property name="sun.java.command" value="org.codehaus.plexus.classworlds.launcher.Launcher -Dtest=com.student.newsportalspringboot.controllers.AdminControllerTest -Dmaven.ext.class.path=/home/student/netbeans-8.2/java/maven-nblib/netbeans-eventspy.jar surefire:test"/>
    <property name="java.specification.vendor" value="Oracle Corporation"/>
    <property name="user.language" value="ru"/>
    <property name="awt.toolkit" value="sun.awt.X11.XToolkit"/>
    <property name="java.vm.info" value="mixed mode"/>
    <property name="java.version" value="1.8.0_121"/>
    <property name="java.ext.dirs" value="/home/student/jdk1.8.0_121/jre/lib/ext:/usr/java/packages/lib/ext"/>
    <property name="securerandom.source" value="file:/dev/./urandom"/>
    <property name="sun.boot.class.path" value="/home/student/jdk1.8.0_121/jre/lib/resources.jar:/home/student/jdk1.8.0_121/jre/lib/rt.jar:/home/student/jdk1.8.0_121/jre/lib/sunrsasign.jar:/home/student/jdk1.8.0_121/jre/lib/jsse.jar:/home/student/jdk1.8.0_121/jre/lib/jce.jar:/home/student/jdk1.8.0_121/jre/lib/charsets.jar:/home/student/jdk1.8.0_121/jre/lib/jfr.jar:/home/student/jdk1.8.0_121/jre/classes"/>
    <property name="java.vendor" value="Oracle Corporation"/>
    <property name="maven.home" value="/home/student/netbeans-8.2/java/maven"/>
    <property name="file.separator" value="/"/>
    <property name="java.vendor.url.bug" value="http://bugreport.sun.com/bugreport/"/>
    <property name="sun.cpu.endian" value="little"/>
    <property name="sun.io.unicode.encoding" value="UnicodeLittle"/>
    <property name="sun.cpu.isalist" value=""/>
  </properties>
  <testcase name="TestShowsAdmins" classname="com.student.newsportalspringboot.controllers.AdminControllerTest" time="0.173"/>
  <testcase name="TestEditPost" classname="com.student.newsportalspringboot.controllers.AdminControllerTest" time="0.003"/>
  <testcase name="TestGetAllPost" classname="com.student.newsportalspringboot.controllers.AdminControllerTest" time="0.007"/>
  <testcase name="TestSavePost" classname="com.student.newsportalspringboot.controllers.AdminControllerTest" time="0.003"/>
  <testcase name="TestNewPost" classname="com.student.newsportalspringboot.controllers.AdminControllerTest" time="0.001"/>
  <testcase name="TestDeletePost" classname="com.student.newsportalspringboot.controllers.AdminControllerTest" time="0.001"/>
  <testcase name="TestSaveCategory" classname="com.student.newsportalspringboot.controllers.AdminControllerTest" time="0.001"/>
  <testcase name="TestGetCategory" classname="com.student.newsportalspringboot.controllers.AdminControllerTest" time="0.001"/>
  <testcase name="TestBlockedPerson" classname="com.student.newsportalspringboot.controllers.AdminControllerTest" time="0.001"/>
  <testcase name="TestGetAllPostByCategory" classname="com.student.newsportalspringboot.controllers.AdminControllerTest" time="0.001"/>
  <testcase name="TestSaveAdminEnterCorrectEmailAndGetRedirect" classname="com.student.newsportalspringboot.controllers.AdminControllerTest" time="0.002"/>
  <testcase name="TestUnblockedPerson" classname="com.student.newsportalspringboot.controllers.AdminControllerTest" time="0.002"/>
  <testcase name="TestAdmin" classname="com.student.newsportalspringboot.controllers.AdminControllerTest" time="0.001"/>
  <testcase name="TestDeteleCategory" classname="com.student.newsportalspringboot.controllers.AdminControllerTest" time="0.001"/>
  <testcase name="TestDeleteAdmin" classname="com.student.newsportalspringboot.controllers.AdminControllerTest" time="0.001"/>
</testsuite>